<?xml version="1.0" encoding="UTF-8"?>
<!-- Generated by org.testng.reporters.JUnitXMLReporter -->
<testsuite hostname="LAPTOP-UBMGTFDD" ignored="0" tests="5" failures="0" timestamp="2020-11-02T23:03:43 CST" time="6.823" errors="0">
  <testcase name="assert1" time="2.937" classname="nonAPITest"/>
  <testcase name="assert2" time="0.6" classname="UserTests"/>
  <testcase name="assert3" time="0.771" classname="UserTests"/>
  <testcase name="assert4" time="1.171" classname="UserTests"/>
  <testcase name="assert5" time="0.786" classname="UserTests"/>
</testsuite>
