<?xml version="1.0" encoding="UTF-8"?>
<testsuite xmlns:xsi="http://www.w3.org/2001/XMLSchema-instance" xsi:noNamespaceSchemaLocation="https://maven.apache.org/surefire/maven-surefire-plugin/xsd/surefire-test-report.xsd" name="TestSuite" time="8.038" tests="5" errors="0" skipped="0" failures="0">
  <properties>
[...]
</properties>
  <testcase name="assert1" classname="nonAPITest" time="2.938"/>
  <testcase name="assert2" classname="UserTests" time="0.595"/>
  <testcase name="assert3" classname="UserTests" time="0.773"/>
  <testcase name="assert4" classname="UserTests" time="1.172"/>
  <testcase name="assert5" classname="UserTests" time="0.789"/>
</testsuite>